[backblue.gif]
[fade.gif]
[index.html]
[azim.commonsupport.com/Appway/images/favicon.ico]
[azim.commonsupport.com/Appway/images/logo.png]
[azim.commonsupport.com/Appway/images/small-logo.png]
[azim.commonsupport.com/Appway/images/icons/banner-1.png]
[azim.commonsupport.com/Appway/images/icons/vactor-1.png]
[azim.commonsupport.com/Appway/images/resource/phone-1.png]
[azim.commonsupport.com/Appway/images/resource/phone-2.png]
[azim.commonsupport.com/Appway/images/resource/phone-3.png]
[azim.commonsupport.com/Appway/images/resource/case-1.png]
[azim.commonsupport.com/Appway/images/icons/feature-icon-1.png]
[azim.commonsupport.com/Appway/images/icons/feature-icon-2.png]
[azim.commonsupport.com/Appway/images/icons/feature-icon-3.png]
[azim.commonsupport.com/Appway/images/icons/image-shap-1.png]
[azim.commonsupport.com/Appway/images/resource/dashbord-1.jpg]
[azim.commonsupport.com/Appway/images/resource/dashbord-2.jpg]
[azim.commonsupport.com/Appway/images/icons/image-shap-2.png]
[azim.commonsupport.com/Appway/images/resource/dashbord-3.jpg]
[azim.commonsupport.com/Appway/images/resource/dashbord-4.jpg]
[azim.commonsupport.com/Appway/images/background/video-bg.jpg]
[azim.commonsupport.com/Appway/images/icons/price-icon-1.png]
[azim.commonsupport.com/Appway/images/icons/price-icon-2.png]
[azim.commonsupport.com/Appway/images/icons/price-icon-3.png]
[azim.commonsupport.com/Appway/images/icons/testimonial-bg.png]
[azim.commonsupport.com/Appway/images/resource/testimonial-1.png]
[azim.commonsupport.com/Appway/images/resource/testimonial-2.png]
[azim.commonsupport.com/Appway/images/icons/shap-3.png]
[azim.commonsupport.com/Appway/images/resource/phone-4.png]
[azim.commonsupport.com/Appway/images/resource/phone-5.png]
[azim.commonsupport.com/Appway/images/resource/news-1.jpg]
[azim.commonsupport.com/Appway/images/resource/news-2.jpg]
[azim.commonsupport.com/Appway/images/resource/news-3.jpg]
[azim.commonsupport.com/Appway/images/resource/subscribe-1.png]
[azim.commonsupport.com/Appway/images/icons/footer-bg.png]
[azim.commonsupport.com/Appway/images/footer-logo.png]
[azim.commonsupport.com/Appway/js/jquery.js]
[azim.commonsupport.com/Appway/js/popper.min.js]
[azim.commonsupport.com/Appway/js/bootstrap.min.js]
[azim.commonsupport.com/Appway/js/owl.js]
[azim.commonsupport.com/Appway/js/wow.js]
[azim.commonsupport.com/Appway/js/validation.js]
[azim.commonsupport.com/Appway/js/jquery.fancybox.js]
[azim.commonsupport.com/Appway/js/appear.js]
[azim.commonsupport.com/Appway/js/scrollbar.js]
[azim.commonsupport.com/Appway/js/tilt.jquery.js]
[azim.commonsupport.com/Appway/js/script.js]
[azim.commonsupport.com/Appway/index.html]
[azim.commonsupport.com/Appway/fonts/fa-brands-400.eot]
[azim.commonsupport.com/Appway/fonts/fa-brands-400.woff2]
[azim.commonsupport.com/Appway/fonts/fa-brands-400d41d.eot]
[azim.commonsupport.com/Appway/fonts/fa-brands-400.woff]
[azim.commonsupport.com/Appway/fonts/fa-brands-400.ttf]
[azim.commonsupport.com/Appway/fonts/fa-regular-400.eot]
[azim.commonsupport.com/Appway/fonts/fa-regular-400.woff2]
[azim.commonsupport.com/Appway/fonts/fa-regular-400.woff]
[azim.commonsupport.com/Appway/fonts/fa-regular-400d41d.eot]
[azim.commonsupport.com/Appway/fonts/fa-regular-400.ttf]
[azim.commonsupport.com/Appway/fonts/fa-solid-900.eot]
[azim.commonsupport.com/Appway/fonts/fa-solid-900.woff2]
[azim.commonsupport.com/Appway/fonts/fa-solid-900d41d.eot]
[azim.commonsupport.com/Appway/fonts/fa-solid-900.woff]
[azim.commonsupport.com/Appway/fonts/fa-solid-900.ttf]
[azim.commonsupport.com/Appway/css/font-awesome-all.css]
[azim.commonsupport.com/Appway/fonts/Flaticon.eot]
[azim.commonsupport.com/Appway/fonts/Flaticond41d.eot]
[azim.commonsupport.com/Appway/fonts/Flaticon.woff2]
[azim.commonsupport.com/Appway/fonts/Flaticon.woff]
[azim.commonsupport.com/Appway/fonts/Flaticon.ttf]
[azim.commonsupport.com/Appway/css/flaticon.css]
[azim.commonsupport.com/Appway/css/owl.css]
[azim.commonsupport.com/Appway/css/bootstrap.css]
[azim.commonsupport.com/Appway/css/jquery.fancybox.min.css]
[azim.commonsupport.com/Appway/css/animate.css]
[azim.commonsupport.com/Appway/images/icons/shap-1.png]
[azim.commonsupport.com/Appway/images/icons/bg-shap-1.png]
[azim.commonsupport.com/Appway/images/icons/shap-2.png]
[azim.commonsupport.com/Appway/images/icons/shap-17.png]
[azim.commonsupport.com/Appway/images/icons/shap-23.png]
[azim.commonsupport.com/Appway/images/icons/shap-25.png]
[azim.commonsupport.com/Appway/images/icons/shap-18.png]
[azim.commonsupport.com/Appway/images/icons/shap-24.png]
[azim.commonsupport.com/Appway/images/icons/shap-26.png]
[azim.commonsupport.com/Appway/images/icons/pattern-29.png]
[azim.commonsupport.com/Appway/images/icons/pattern-30.png]
[azim.commonsupport.com/Appway/css/imagebg.css]
[azim.commonsupport.com/Appway/images/icons/preloader.gif]
[azim.commonsupport.com/Appway/images/icons/cross-out.png]
[azim.commonsupport.com/Appway/images/icons/map-shap.png]
[azim.commonsupport.com/Appway/images/icons/map-shap-2.png]
[azim.commonsupport.com/Appway/images/icons/map-shap-6.png]
[azim.commonsupport.com/Appway/images/icons/icon-bg-1.png]
[azim.commonsupport.com/Appway/images/icons/icon-bg-4.png]
[azim.commonsupport.com/Appway/images/icons/icon-bg-2.png]
[azim.commonsupport.com/Appway/images/icons/icon-bg-6.png]
[azim.commonsupport.com/Appway/images/icons/icon-bg-5.png]
[azim.commonsupport.com/Appway/css/style.css]
[azim.commonsupport.com/Appway/css/responsive.css]
[azim.commonsupport.com/Appway/index-2.html]
[azim.commonsupport.com/Appway/images/logo-2.png]
[azim.commonsupport.com/Appway/images/icons/banner-bg.png]
[azim.commonsupport.com/Appway/images/icons/shap-4.png]
[azim.commonsupport.com/Appway/images/resource/cradit-card.png]
[azim.commonsupport.com/Appway/images/resource/shop-bag.png]
[azim.commonsupport.com/Appway/images/resource/phone-12.png]
[azim.commonsupport.com/Appway/images/resource/doller-card.png]
[azim.commonsupport.com/Appway/images/resource/check-image.png]
[azim.commonsupport.com/Appway/images/icons/shap-5.png]
[azim.commonsupport.com/Appway/images/icons/image-shap-3.png]
[azim.commonsupport.com/Appway/images/resource/dashbord-5.jpg]
[azim.commonsupport.com/Appway/images/icons/image-shap-4.png]
[azim.commonsupport.com/Appway/images/resource/dashbord-6.jpg]
[azim.commonsupport.com/Appway/images/resource/illustration-2.png]
[azim.commonsupport.com/Appway/images/resource/dashbord-7.jpg]
[azim.commonsupport.com/Appway/images/resource/dashbord-8.jpg]
[azim.commonsupport.com/Appway/images/resource/illustration-3.png]
[azim.commonsupport.com/Appway/images/resource/dashbord-9.jpg]
[azim.commonsupport.com/Appway/images/resource/illustration-4.png]
[azim.commonsupport.com/Appway/images/icons/pattern-1.png]
[azim.commonsupport.com/Appway/images/icons/pattern-2.png]
[azim.commonsupport.com/Appway/images/resource/product-image.jpg]
[azim.commonsupport.com/Appway/images/resource/testimonial-1.jpg]
[azim.commonsupport.com/Appway/images/background/video-bg.png]
[azim.commonsupport.com/Appway/images/icons/pattern-3.png]
[azim.commonsupport.com/Appway/images/icons/layer-image-1.png]
[azim.commonsupport.com/Appway/images/icons/icon-4.png]
[azim.commonsupport.com/Appway/images/icons/icon-5.png]
[azim.commonsupport.com/Appway/images/icons/icon-6.png]
[azim.commonsupport.com/Appway/images/icons/pattern-4.png]
[azim.commonsupport.com/Appway/images/resource/difference-1.jpg]
[azim.commonsupport.com/Appway/js/nav-tool.js]
[azim.commonsupport.com/Appway/e-commerce.html]
[azim.commonsupport.com/Appway/images/icons/banner-bg-2.png]
[azim.commonsupport.com/Appway/images/resource/laptop-1.png]
[azim.commonsupport.com/Appway/images/resource/dashbord-10.jpg]
[azim.commonsupport.com/Appway/images/resource/dashbord-11.jpg]
[azim.commonsupport.com/Appway/images/clients/client-1.png]
[azim.commonsupport.com/Appway/images/clients/client-2.png]
[azim.commonsupport.com/Appway/images/clients/client-3.png]
[azim.commonsupport.com/Appway/images/clients/client-4.png]
[azim.commonsupport.com/Appway/images/icons/layer-image-2.png]
[azim.commonsupport.com/Appway/images/resource/illustration-5.png]
[azim.commonsupport.com/Appway/images/resource/dashbord-12.jpg]
[azim.commonsupport.com/Appway/images/resource/dashbord-13.jpg]
[azim.commonsupport.com/Appway/images/resource/dashbord-14.jpg]
[azim.commonsupport.com/Appway/images/resource/dashbord-15.jpg]
[azim.commonsupport.com/Appway/images/resource/dashbord-16.jpg]
[azim.commonsupport.com/Appway/images/icons/testimonial-bg-2.png]
[azim.commonsupport.com/Appway/images/resource/thumb-1.png]
[azim.commonsupport.com/Appway/images/resource/thumb-2.png]
[azim.commonsupport.com/Appway/images/resource/thumb-3.png]
[azim.commonsupport.com/Appway/images/resource/thumb-4.png]
[azim.commonsupport.com/Appway/images/resource/thumb-5.png]
[azim.commonsupport.com/Appway/images/resource/thumb-6.png]
[azim.commonsupport.com/Appway/images/resource/thumb-7.png]
[azim.commonsupport.com/Appway/images/resource/testimonial-3.png]
[azim.commonsupport.com/Appway/images/resource/testimonial-4.png]
[azim.commonsupport.com/Appway/images/icons/footer-bg-2.png]
[azim.commonsupport.com/Appway/images/footer-logo-2.png]
[azim.commonsupport.com/Appway/seo.html]
[azim.commonsupport.com/Appway/images/icons/banner-bg-3.png]
[azim.commonsupport.com/Appway/images/icons/pattern-5.png]
[azim.commonsupport.com/Appway/images/icons/anim-icon-1.png]
[azim.commonsupport.com/Appway/images/icons/anim-icon-2.png]
[azim.commonsupport.com/Appway/images/icons/anim-icon-3.png]
[azim.commonsupport.com/Appway/images/icons/leaf-1.png]
[azim.commonsupport.com/Appway/images/resource/illustration-6.png]
[azim.commonsupport.com/Appway/images/icons/image-shap-5.png]
[azim.commonsupport.com/Appway/images/resource/tab-1.png]
[azim.commonsupport.com/Appway/images/resource/phone-6.png]
[azim.commonsupport.com/Appway/images/resource/screen-1.png]
[azim.commonsupport.com/Appway/images/icons/shap-6.png]
[azim.commonsupport.com/Appway/images/icons/icon-1.png]
[azim.commonsupport.com/Appway/images/resource/testimonial-5.png]
[azim.commonsupport.com/Appway/images/icons/icon-2.png]
[azim.commonsupport.com/Appway/images/resource/testimonial-6.png]
[azim.commonsupport.com/Appway/js/jquery.paroller.min.js]
[azim.commonsupport.com/Appway/account-billing.html]
[azim.commonsupport.com/Appway/images/icons/banner-bg-4.png]
[azim.commonsupport.com/Appway/images/icons/pattern-6.png]
[azim.commonsupport.com/Appway/images/icons/anim-icon-4.png]
[azim.commonsupport.com/Appway/images/icons/anim-icon-6.png]
[azim.commonsupport.com/Appway/images/icons/anim-icon-5.png]
[azim.commonsupport.com/Appway/images/icons/icon-23.png]
[azim.commonsupport.com/Appway/images/icons/icon-24.png]
[azim.commonsupport.com/Appway/images/icons/icon-25.png]
[azim.commonsupport.com/Appway/images/icons/icon-26.png]
[azim.commonsupport.com/Appway/images/icons/icon-27.png]
[azim.commonsupport.com/Appway/images/resource/phone-7.png]
[azim.commonsupport.com/Appway/images/resource/phone-8.png]
[azim.commonsupport.com/Appway/images/icons/icon-bg-3.png]
[azim.commonsupport.com/Appway/images/icons/image-shap-6.png]
[azim.commonsupport.com/Appway/images/resource/phone-9.png]
[azim.commonsupport.com/Appway/images/resource/phone-10.png]
[azim.commonsupport.com/Appway/images/resource/dashbord-17.jpg]
[azim.commonsupport.com/Appway/images/resource/dashbord-18.jpg]
[azim.commonsupport.com/Appway/images/resource/dashbord-19.jpg]
[azim.commonsupport.com/Appway/images/resource/dashbord-20.jpg]
[azim.commonsupport.com/Appway/images/icons/testimonial-bg-3.png]
[azim.commonsupport.com/Appway/images/icons/shap-7.png]
[azim.commonsupport.com/Appway/images/icons/shap-8.png]
[azim.commonsupport.com/Appway/app-showcase.html]
[azim.commonsupport.com/Appway/images/logo-3.png]
[azim.commonsupport.com/Appway/images/icons/shap-9.png]
[azim.commonsupport.com/Appway/images/icons/banner-bg-5.png]
[azim.commonsupport.com/Appway/images/resource/user-1.png]
[azim.commonsupport.com/Appway/images/resource/user-2.png]
[azim.commonsupport.com/Appway/images/resource/user-3.png]
[azim.commonsupport.com/Appway/images/resource/user-4.png]
[azim.commonsupport.com/Appway/images/resource/user-5.png]
[azim.commonsupport.com/Appway/images/resource/user-6.png]
[azim.commonsupport.com/Appway/images/resource/user-7.png]
[azim.commonsupport.com/Appway/images/resource/laptop-2.png]
[azim.commonsupport.com/Appway/images/icons/pattern-7.png]
[azim.commonsupport.com/Appway/images/resource/dashbord-21.jpg]
[azim.commonsupport.com/Appway/images/resource/phone-11.png]
[azim.commonsupport.com/Appway/images/icons/vactor-3.png]
[azim.commonsupport.com/Appway/images/icons/vactor-4.png]
[azim.commonsupport.com/Appway/images/icons/vactor-5.png]
[azim.commonsupport.com/Appway/images/icons/vactor-6.png]
[azim.commonsupport.com/Appway/images/resource/testimonial-7.png]
[azim.commonsupport.com/Appway/images/resource/subscribe-2.png]
[azim.commonsupport.com/Appway/hr-management.html]
[azim.commonsupport.com/Appway/images/logo-4.png]
[azim.commonsupport.com/Appway/images/icons/anim-icon-7.png]
[azim.commonsupport.com/Appway/images/icons/anim-icon-8.png]
[azim.commonsupport.com/Appway/images/icons/anim-icon-9.png]
[azim.commonsupport.com/Appway/images/icons/anim-icon-10.png]
[azim.commonsupport.com/Appway/images/icons/anim-icon-11.png]
[azim.commonsupport.com/Appway/images/icons/banner-bg-6.png]
[azim.commonsupport.com/Appway/images/resource/dashbord-22.jpg]
[azim.commonsupport.com/Appway/images/icons/shap-10.png]
[azim.commonsupport.com/Appway/images/icons/shap-11.png]
[azim.commonsupport.com/Appway/images/resource/illustration-7.png]
[azim.commonsupport.com/Appway/images/resource/illustration-8.png]
[azim.commonsupport.com/Appway/images/resource/enterprise-1.png]
[azim.commonsupport.com/Appway/images/resource/enterprise-2.png]
[azim.commonsupport.com/Appway/images/resource/enterprise-3.png]
[azim.commonsupport.com/Appway/images/resource/enterprise-4.png]
[azim.commonsupport.com/Appway/images/icons/device-bg.png]
[azim.commonsupport.com/Appway/images/resource/illustration-9.png]
[azim.commonsupport.com/Appway/email-marketing.html]
[azim.commonsupport.com/Appway/images/icons/banner-bg-7.png]
[azim.commonsupport.com/Appway/images/resource/illustration-10.png]
[azim.commonsupport.com/Appway/images/resource/men-1.png]
[azim.commonsupport.com/Appway/images/icons/bg-shap-2.png]
[azim.commonsupport.com/Appway/images/icons/bg-shap-3.png]
[azim.commonsupport.com/Appway/images/resource/illustration-11.png]
[azim.commonsupport.com/Appway/images/resource/illustration-12.png]
[azim.commonsupport.com/Appway/images/resource/illustration-13.png]
[azim.commonsupport.com/Appway/images/resource/screen-1.jpg]
[azim.commonsupport.com/Appway/images/resource/screen-2.png]
[azim.commonsupport.com/Appway/images/icons/testimonial-bg-4.png]
[azim.commonsupport.com/Appway/images/resource/thumb-8.png]
[azim.commonsupport.com/Appway/images/resource/thumb-9.png]
[azim.commonsupport.com/Appway/images/resource/thumb-10.png]
[azim.commonsupport.com/Appway/images/resource/thumb-11.png]
[azim.commonsupport.com/Appway/images/resource/testimonial-8.png]
[azim.commonsupport.com/Appway/images/clients/clients-logo-1.png]
[azim.commonsupport.com/Appway/images/clients/clients-logo-2.png]
[azim.commonsupport.com/Appway/images/clients/clients-logo-3.png]
[azim.commonsupport.com/Appway/images/clients/clients-logo-4.png]
[azim.commonsupport.com/Appway/images/clients/clients-logo-5.png]
[azim.commonsupport.com/Appway/payment-processing.html]
[azim.commonsupport.com/Appway/images/icons/banner-bg-8.png]
[azim.commonsupport.com/Appway/images/resource/laptop-3.png]
[azim.commonsupport.com/Appway/images/resource/support-1.png]
[azim.commonsupport.com/Appway/images/resource/support-2.png]
[azim.commonsupport.com/Appway/images/resource/illustration-14.png]
[azim.commonsupport.com/Appway/images/icons/testimonial-bg-5.png]
[azim.commonsupport.com/Appway/images/resource/testimonial-9.png]
[azim.commonsupport.com/Appway/images/resource/testimonial-10.png]
[azim.commonsupport.com/Appway/startup.html]
[azim.commonsupport.com/Appway/images/icons/banner-bg-9.png]
[azim.commonsupport.com/Appway/images/resource/illustration-15.png]
[azim.commonsupport.com/Appway/images/resource/men-2.png]
[azim.commonsupport.com/Appway/images/icons/icon-19.png]
[azim.commonsupport.com/Appway/images/icons/icon-20.png]
[azim.commonsupport.com/Appway/images/icons/icon-21.png]
[azim.commonsupport.com/Appway/images/icons/icon-22.png]
[azim.commonsupport.com/Appway/images/icons/shap-12.png]
[azim.commonsupport.com/Appway/images/icons/shap-13.png]
[azim.commonsupport.com/Appway/images/resource/illustration-16.png]
[azim.commonsupport.com/Appway/images/resource/illustration-17.png]
[azim.commonsupport.com/Appway/images/icons/shap-30.png]
[azim.commonsupport.com/Appway/images/resource/illustration-18.png]
[azim.commonsupport.com/Appway/images/icons/testimonial-bg-6.png]
[azim.commonsupport.com/Appway/images/resource/testimonial-11.png]
[azim.commonsupport.com/Appway/images/resource/news-4.jpg]
[azim.commonsupport.com/Appway/images/resource/news-5.jpg]
[azim.commonsupport.com/Appway/images/resource/news-6.jpg]
[azim.commonsupport.com/Appway/images/icons/pattern-8.png]
[azim.commonsupport.com/Appway/digital-marketing.html]
[azim.commonsupport.com/Appway/images/icons/vactor-7.png]
[azim.commonsupport.com/Appway/images/icons/vactor-8.png]
[azim.commonsupport.com/Appway/images/icons/banner-bg-10.png]
[azim.commonsupport.com/Appway/images/resource/laptop-4.png]
[azim.commonsupport.com/Appway/images/icons/pattern-9.png]
[azim.commonsupport.com/Appway/images/resource/vactor-image-1.png]
[azim.commonsupport.com/Appway/images/resource/vactor-image-2.png]
[azim.commonsupport.com/Appway/images/icons/pattern-10.png]
[azim.commonsupport.com/Appway/images/icons/pattern-11.png]
[azim.commonsupport.com/Appway/images/resource/vactor-image-3.png]
[azim.commonsupport.com/Appway/images/resource/vactor-image-4.png]
[azim.commonsupport.com/Appway/images/icons/pattern-12.png]
[azim.commonsupport.com/Appway/images/background/softwere-product-bg.png]
[azim.commonsupport.com/Appway/images/resource/pc-1.png]
[azim.commonsupport.com/Appway/images/icons/thumb-bg.png]
[azim.commonsupport.com/Appway/images/icons/map-shap-3.png]
[azim.commonsupport.com/Appway/images/resource/user-8.png]
[azim.commonsupport.com/Appway/images/resource/user-9.png]
[azim.commonsupport.com/Appway/images/resource/user-10.png]
[azim.commonsupport.com/Appway/images/resource/user-11.png]
[azim.commonsupport.com/Appway/images/resource/user-12.png]
[azim.commonsupport.com/Appway/images/resource/user-13.png]
[azim.commonsupport.com/Appway/images/resource/user-14.png]
[azim.commonsupport.com/Appway/images/resource/user-15.png]
[azim.commonsupport.com/Appway/images/icons/pattern-13.png]
[azim.commonsupport.com/Appway/images/icons/pattern-14.png]
[azim.commonsupport.com/Appway/images/resource/laptop-5.png]
[azim.commonsupport.com/Appway/cloud-saas.html]
[azim.commonsupport.com/Appway/images/logo-5.png]
[azim.commonsupport.com/Appway/images/icons/shap-15.png]
[azim.commonsupport.com/Appway/images/icons/banner-bg-11.png]
[azim.commonsupport.com/Appway/images/icons/shap-14.png]
[azim.commonsupport.com/Appway/images/resource/dashbord-1.png]
[azim.commonsupport.com/Appway/images/resource/screen-3.png]
[azim.commonsupport.com/Appway/images/icons/icon-3.png]
[azim.commonsupport.com/Appway/images/icons/icon-7.png]
[azim.commonsupport.com/Appway/images/icons/icon-8.png]
[azim.commonsupport.com/Appway/images/resource/screen-3.jpg]
[azim.commonsupport.com/Appway/images/resource/screen-4.png]
[azim.commonsupport.com/Appway/images/resource/vactor-image-5.png]
[azim.commonsupport.com/Appway/images/resource/vactor-image-6.png]
[azim.commonsupport.com/Appway/images/resource/vactor-image-7.png]
[azim.commonsupport.com/Appway/images/resource/vactor-image-8.png]
[azim.commonsupport.com/Appway/images/resource/illustration-19.png]
[azim.commonsupport.com/Appway/images/icons/footer-bg-3.png]
[azim.commonsupport.com/Appway/prototype-wireframing.html]
[azim.commonsupport.com/Appway/images/resource/illustration-20.png]
[azim.commonsupport.com/Appway/images/icons/award-1.png]
[azim.commonsupport.com/Appway/images/icons/pattern-15.png]
[azim.commonsupport.com/Appway/images/resource/illustration-21.png]
[azim.commonsupport.com/Appway/images/icons/pattern-16.png]
[azim.commonsupport.com/Appway/images/resource/illustration-22.png]
[azim.commonsupport.com/Appway/images/icons/pattern-17.png]
[azim.commonsupport.com/Appway/images/resource/illustration-23.png]
[azim.commonsupport.com/Appway/images/icons/pattern-18.png]
[azim.commonsupport.com/Appway/images/resource/illustration-24.png]
[azim.commonsupport.com/Appway/images/icons/pattern-19.png]
[azim.commonsupport.com/Appway/images/resource/illustration-25.png]
[azim.commonsupport.com/Appway/images/icons/crm-bg.png]
[azim.commonsupport.com/Appway/images/icons/anim-icon-12.png]
[azim.commonsupport.com/Appway/images/icons/anim-icon-13.png]
[azim.commonsupport.com/Appway/images/icons/anim-icon-14.png]
[azim.commonsupport.com/Appway/images/icons/testimonial-bg-7.png]
[azim.commonsupport.com/Appway/images/resource/testimonial-12.png]
[azim.commonsupport.com/Appway/images/icons/footer-bg-4.png]
[azim.commonsupport.com/Appway/js/circle-progress.js]
[azim.commonsupport.com/Appway/js/jquery.countTo.js]
[azim.commonsupport.com/Appway/crm-management.html]
[azim.commonsupport.com/Appway/images/resource/illustration-26.png]
[azim.commonsupport.com/Appway/images/icons/cloud-1.png]
[azim.commonsupport.com/Appway/images/icons/cloud-2.png]
[azim.commonsupport.com/Appway/images/resource/illustration-27.png]
[azim.commonsupport.com/Appway/images/resource/illustration-28.png]
[azim.commonsupport.com/Appway/images/resource/illustration-29.png]
[azim.commonsupport.com/Appway/images/icons/pattern-20.png]
[azim.commonsupport.com/Appway/images/icons/logo-1.png]
[azim.commonsupport.com/Appway/images/icons/logo-2.png]
[azim.commonsupport.com/Appway/images/icons/logo-3.png]
[azim.commonsupport.com/Appway/images/icons/logo-4.png]
[azim.commonsupport.com/Appway/images/icons/logo-5.png]
[azim.commonsupport.com/Appway/images/icons/logo-6.png]
[azim.commonsupport.com/Appway/images/icons/map-shap-4.png]
[azim.commonsupport.com/Appway/images/icons/pattern-21.png]
[azim.commonsupport.com/Appway/images/icons/footer-bg-5.png]
[azim.commonsupport.com/Appway/project-management.html]
[azim.commonsupport.com/Appway/images/logo-6.png]
[azim.commonsupport.com/Appway/images/resource/illustration-30.png]
[azim.commonsupport.com/Appway/images/icons/pattern-22.png]
[azim.commonsupport.com/Appway/images/icons/pattern-23.png]
[azim.commonsupport.com/Appway/images/resource/illustration-31.png]
[azim.commonsupport.com/Appway/images/icons/pattern-24.png]
[azim.commonsupport.com/Appway/images/resource/illustration-32.png]
[azim.commonsupport.com/Appway/images/resource/case-2.png]
[azim.commonsupport.com/Appway/images/resource/case-3.png]
[azim.commonsupport.com/Appway/images/resource/case-4.png]
[azim.commonsupport.com/Appway/images/icons/map-shap-5.png]
[azim.commonsupport.com/Appway/images/icons/pattern-25.png]
[azim.commonsupport.com/Appway/images/icons/pattern-26.png]
[azim.commonsupport.com/Appway/images/icons/pattern-27.png]
[azim.commonsupport.com/Appway/images/icons/pattern-28.png]
[azim.commonsupport.com/Appway/images/resource/testimonial-13.png]
[azim.commonsupport.com/Appway/images/icons/vactor-9.png]
[azim.commonsupport.com/Appway/images/icons/vactor-10.png]
[azim.commonsupport.com/Appway/images/icons/shap-16.png]
[azim.commonsupport.com/Appway/images/icons/estimate-bg.png]
[azim.commonsupport.com/Appway/images/icons/footer-bg-6.png]
[azim.commonsupport.com/Appway/digital-studio.html]
[azim.commonsupport.com/Appway/images/icons/banner-bg-13.png]
[azim.commonsupport.com/Appway/images/resource/illustration-33.png]
[azim.commonsupport.com/Appway/images/icons/icon-9.png]
[azim.commonsupport.com/Appway/images/icons/shap-19.png]
[azim.commonsupport.com/Appway/images/icons/shap-20.png]
[azim.commonsupport.com/Appway/images/icons/icon-10.png]
[azim.commonsupport.com/Appway/images/icons/shap-21.png]
[azim.commonsupport.com/Appway/images/icons/icon-11.png]
[azim.commonsupport.com/Appway/images/icons/shap-22.png]
[azim.commonsupport.com/Appway/images/icons/layer-image-3.png]
[azim.commonsupport.com/Appway/images/icons/icon-12.png]
[azim.commonsupport.com/Appway/images/icons/icon-13.png]
[azim.commonsupport.com/Appway/images/icons/icon-14.png]
[azim.commonsupport.com/Appway/images/background/control-bg.png]
[azim.commonsupport.com/Appway/images/resource/control-1.png]
[azim.commonsupport.com/Appway/images/resource/control-2.png]
[azim.commonsupport.com/Appway/images/resource/control-3.png]
[azim.commonsupport.com/Appway/images/resource/control-4.png]
[azim.commonsupport.com/Appway/images/resource/team-1.png]
[azim.commonsupport.com/Appway/images/resource/team-2.png]
[azim.commonsupport.com/Appway/images/resource/team-3.png]
[azim.commonsupport.com/Appway/images/icons/pattern-31.png]
[azim.commonsupport.com/Appway/images/icons/pattern-32.png]
[azim.commonsupport.com/Appway/images/icons/user-icon.png]
[azim.commonsupport.com/Appway/images/resource/user-16.png]
[azim.commonsupport.com/Appway/js/countdown.js]
[azim.commonsupport.com/Appway/crypto.html]
[azim.commonsupport.com/Appway/images/icons/banner-bg-14.png]
[azim.commonsupport.com/Appway/images/resource/illustration-34.png]
[azim.commonsupport.com/Appway/images/resource/rider-1.png]
[azim.commonsupport.com/Appway/images/resource/rider-2.png]
[azim.commonsupport.com/Appway/images/icons/pattern-33.png]
[azim.commonsupport.com/Appway/images/icons/car-1.png]
[azim.commonsupport.com/Appway/images/resource/illustration-35.png]
[azim.commonsupport.com/Appway/images/resource/rideshar-1.png]
[azim.commonsupport.com/Appway/images/resource/rideshar-2.png]
[azim.commonsupport.com/Appway/images/resource/rideshar-3.png]
[azim.commonsupport.com/Appway/images/resource/news-7.jpg]
[azim.commonsupport.com/Appway/images/resource/news-8.jpg]
[azim.commonsupport.com/Appway/images/icons/layer-image-4.png]
[azim.commonsupport.com/Appway/images/resource/illustration-36.png]
[azim.commonsupport.com/Appway/ride-sharing.html]
[azim.commonsupport.com/Appway/images/icons/anim-icon-15.png]
[azim.commonsupport.com/Appway/images/icons/anim-icon-16.png]
[azim.commonsupport.com/Appway/images/resource/vactor-image-9.png]
[azim.commonsupport.com/Appway/images/icons/pattern-34.png]
[azim.commonsupport.com/Appway/images/resource/laptop-6.png]
[azim.commonsupport.com/Appway/images/resource/dashbord-23.jpg]
[azim.commonsupport.com/Appway/images/resource/dashbord-24.jpg]
[azim.commonsupport.com/Appway/images/icons/layer-image-5.png]
[azim.commonsupport.com/Appway/images/resource/vactor-image-10.png]
[azim.commonsupport.com/Appway/images/icons/layer-image-6.png]
[azim.commonsupport.com/Appway/web-hosting.html]
[azim.commonsupport.com/Appway/images/icons/pattern-35.png]
[azim.commonsupport.com/Appway/images/icons/shap-27.png]
[azim.commonsupport.com/Appway/images/icons/image-shap-7.png]
[azim.commonsupport.com/Appway/images/resource/illustration-37.png]
[azim.commonsupport.com/Appway/images/icons/icon-15.png]
[azim.commonsupport.com/Appway/images/icons/pattern-36.png]
[azim.commonsupport.com/Appway/images/resource/case-5.png]
[azim.commonsupport.com/Appway/images/icons/pattern-37.png]
[azim.commonsupport.com/Appway/images/icons/icon-16.png]
[azim.commonsupport.com/Appway/images/icons/icon-17.png]
[azim.commonsupport.com/Appway/images/icons/icon-18.png]
[azim.commonsupport.com/Appway/images/icons/pattern-38.png]
[azim.commonsupport.com/Appway/images/resource/illustration-38.png]
[azim.commonsupport.com/Appway/images/resource/illustration-39.png]
[azim.commonsupport.com/Appway/images/icons/shap-28.png]
[azim.commonsupport.com/Appway/images/icons/shap-29.png]
[azim.commonsupport.com/Appway/images/resource/illustration-40.png]
[azim.commonsupport.com/Appway/images/icons/pattern-39.png]
[azim.commonsupport.com/Appway/images/icons/pattern-40.png]
[azim.commonsupport.com/Appway/images/resource/event-1.png]
[azim.commonsupport.com/Appway/images/resource/news-9.jpg]
[azim.commonsupport.com/Appway/images/resource/news-10.jpg]
[azim.commonsupport.com/Appway/images/icons/layer-image-7.png]
[azim.commonsupport.com/Appway/images/clients/client-5.png]
[azim.commonsupport.com/Appway/images/clients/client-6.png]
[azim.commonsupport.com/Appway/images/clients/client-7.png]
[azim.commonsupport.com/Appway/images/clients/client-8.png]
[azim.commonsupport.com/Appway/images/clients/client-9.png]
[azim.commonsupport.com/Appway/js/jquery-ui.js]
[azim.commonsupport.com/Appway/js/bxslider.js]
[azim.commonsupport.com/Appway/home-charity.html]
[azim.commonsupport.com/Appway/images/background/pagetitle-bg.png]
[azim.commonsupport.com/Appway/images/icons/anim-icon-17.png]
[azim.commonsupport.com/Appway/images/icons/anim-icon-18.png]
[azim.commonsupport.com/Appway/images/icons/anim-icon-19.png]
[azim.commonsupport.com/Appway/team.html]
[azim.commonsupport.com/Appway/images/resource/team-12.jpg]
[azim.commonsupport.com/Appway/images/resource/team-13.jpg]
[azim.commonsupport.com/Appway/images/resource/team-14.jpg]
[azim.commonsupport.com/Appway/images/resource/team-15.jpg]
[azim.commonsupport.com/Appway/images/resource/team-16.jpg]
[azim.commonsupport.com/Appway/images/resource/team-17.jpg]
[azim.commonsupport.com/Appway/team-2.html]
[azim.commonsupport.com/Appway/images/resource/team-4.png]
[azim.commonsupport.com/Appway/images/resource/team-5.png]
[azim.commonsupport.com/Appway/images/resource/team-6.png]
[azim.commonsupport.com/Appway/images/resource/team-7.png]
[azim.commonsupport.com/Appway/team-3.html]
[azim.commonsupport.com/Appway/images/icons/layer-image-9.png]
[azim.commonsupport.com/Appway/service.html]
[azim.commonsupport.com/Appway/images/resource/service-details-1.jpg]
[azim.commonsupport.com/Appway/images/resource/service-details-2.jpg]
[azim.commonsupport.com/Appway/service-details.html]
[azim.commonsupport.com/Appway/pricing.html]
[azim.commonsupport.com/Appway/pricing-2.html]
[azim.commonsupport.com/Appway/pricing-3.html]
[azim.commonsupport.com/Appway/pricing-4.html]
[azim.commonsupport.com/Appway/testimonial.html]
[azim.commonsupport.com/Appway/testimonial-2.html]
[azim.commonsupport.com/Appway/images/icons/signatur.png]
[azim.commonsupport.com/Appway/images/resource/illustration-41.png]
[azim.commonsupport.com/Appway/about.html]
[azim.commonsupport.com/Appway/images/icons/layer-image-8.png]
[azim.commonsupport.com/Appway/faq.html]
[azim.commonsupport.com/Appway/images/resource/error.png]
[azim.commonsupport.com/Appway/error.html]
[azim.commonsupport.com/Appway/images/gallery/p1.jpg]
[azim.commonsupport.com/Appway/images/gallery/p2.jpg]
[azim.commonsupport.com/Appway/images/gallery/p3.jpg]
[azim.commonsupport.com/Appway/images/gallery/p4.jpg]
[azim.commonsupport.com/Appway/images/gallery/p5.jpg]
[azim.commonsupport.com/Appway/images/gallery/p6.jpg]
[azim.commonsupport.com/Appway/js/isotope.js]
[azim.commonsupport.com/Appway/portfolio.html]
[azim.commonsupport.com/Appway/images/gallery/p9.jpg]
[azim.commonsupport.com/Appway/images/gallery/p10.jpg]
[azim.commonsupport.com/Appway/images/gallery/p11.jpg]
[azim.commonsupport.com/Appway/images/gallery/p12.jpg]
[azim.commonsupport.com/Appway/images/gallery/p13.jpg]
[azim.commonsupport.com/Appway/images/gallery/p14.jpg]
[azim.commonsupport.com/Appway/images/gallery/p15.jpg]
[azim.commonsupport.com/Appway/images/gallery/p16.jpg]
[azim.commonsupport.com/Appway/images/gallery/p17.jpg]
[azim.commonsupport.com/Appway/portfolio-2.html]
[azim.commonsupport.com/Appway/images/gallery/p18.jpg]
[azim.commonsupport.com/Appway/images/gallery/p19.jpg]
[azim.commonsupport.com/Appway/images/gallery/p20.jpg]
[azim.commonsupport.com/Appway/images/gallery/p21.jpg]
[azim.commonsupport.com/Appway/images/gallery/p22.jpg]
[azim.commonsupport.com/Appway/images/gallery/p23.jpg]
[azim.commonsupport.com/Appway/images/gallery/p24.jpg]
[azim.commonsupport.com/Appway/images/gallery/p25.jpg]
[azim.commonsupport.com/Appway/images/gallery/p26.jpg]
[azim.commonsupport.com/Appway/images/gallery/p27.jpg]
[azim.commonsupport.com/Appway/images/gallery/p28.jpg]
[azim.commonsupport.com/Appway/images/gallery/p29.jpg]
[azim.commonsupport.com/Appway/portfolio-3.html]
[azim.commonsupport.com/Appway/images/gallery/portfolio-single-4.jpg]
[azim.commonsupport.com/Appway/images/gallery/portfolio-single-5.jpg]
[azim.commonsupport.com/Appway/images/gallery/portfolio-single-1.jpg]
[azim.commonsupport.com/Appway/images/gallery/portfolio-single-2.jpg]
[azim.commonsupport.com/Appway/images/gallery/portfolio-single-3.jpg]
[azim.commonsupport.com/Appway/portfolio-details.html]
[azim.commonsupport.com/Appway/optimization-application.html]
[azim.commonsupport.com/Appway/device-friendly.html]
[azim.commonsupport.com/Appway/software-product.html]
[azim.commonsupport.com/Appway/betterlook-layout.html]
[azim.commonsupport.com/Appway/whereyou-layout.html]
[azim.commonsupport.com/Appway/popular-causes.html]
[azim.commonsupport.com/Appway/wework-layout.html]
[azim.commonsupport.com/Appway/campaing-layout.html]
[azim.commonsupport.com/Appway/donate-layout.html]
[azim.commonsupport.com/Appway/make-difference.html]
[azim.commonsupport.com/Appway/solve-problem.html]
[azim.commonsupport.com/Appway/marketing-benefits.html]
[azim.commonsupport.com/Appway/streamline-layout.html]
[azim.commonsupport.com/Appway/powerful-management.html]
[azim.commonsupport.com/Appway/transactions-work.html]
[azim.commonsupport.com/Appway/increase-website.html]
[azim.commonsupport.com/Appway/managed-wordpress.html]
[azim.commonsupport.com/Appway/history-layout.html]
[azim.commonsupport.com/Appway/feature-layout-1.html]
[azim.commonsupport.com/Appway/feature-layout-2.html]
[azim.commonsupport.com/Appway/feature-layout-3.html]
[azim.commonsupport.com/Appway/feature-layout-4.html]
[azim.commonsupport.com/Appway/feature-layout-5.html]
[azim.commonsupport.com/Appway/feature-layout-6.html]
[azim.commonsupport.com/Appway/feature-layout-7.html]
[azim.commonsupport.com/Appway/feature-layout-8.html]
[azim.commonsupport.com/Appway/feature-layout-9.html]
[azim.commonsupport.com/Appway/feature-layout-10.html]
[azim.commonsupport.com/Appway/subscribe-layout-1.html]
[azim.commonsupport.com/Appway/subscribe-layout-2.html]
[azim.commonsupport.com/Appway/subscribe-layout-3.html]
[azim.commonsupport.com/Appway/video-layout-1.html]
[azim.commonsupport.com/Appway/video-layout-2.html]
[azim.commonsupport.com/Appway/download-layout-1.html]
[azim.commonsupport.com/Appway/download-layout-2.html]
[azim.commonsupport.com/Appway/download-layout-3.html]
[azim.commonsupport.com/Appway/rider-layout-1.html]
[azim.commonsupport.com/Appway/rider-layout-2.html]
[azim.commonsupport.com/Appway/rider-layout-3.html]
[azim.commonsupport.com/Appway/rider-layout-4.html]
[azim.commonsupport.com/Appway/solution-layout-1.html]
[azim.commonsupport.com/Appway/solution-layout-2.html]
[azim.commonsupport.com/Appway/news-layout-1.html]
[azim.commonsupport.com/Appway/news-layout-2.html]
[azim.commonsupport.com/Appway/news-layout-3.html]
[azim.commonsupport.com/Appway/news-layout-4.html]
[azim.commonsupport.com/Appway/application-layout-1.html]
[azim.commonsupport.com/Appway/application-layout-2.html]
[azim.commonsupport.com/Appway/organization-layout-1.html]
[azim.commonsupport.com/Appway/organization-layout-2.html]
[azim.commonsupport.com/Appway/work-layout-1.html]
[azim.commonsupport.com/Appway/work-layout-2.html]
[azim.commonsupport.com/Appway/service-layout-1.html]
[azim.commonsupport.com/Appway/service-layout-2.html]
[azim.commonsupport.com/Appway/service-layout-3.html]
[azim.commonsupport.com/Appway/service-layout-4.html]
[azim.commonsupport.com/Appway/service-layout-5.html]
[azim.commonsupport.com/Appway/service-layout-6.html]
[azim.commonsupport.com/Appway/recruitment-layout-1.html]
[azim.commonsupport.com/Appway/recruitment-layout-2.html]
[azim.commonsupport.com/Appway/reasons-layout-1.html]
[azim.commonsupport.com/Appway/reasons-layout-2.html]
[azim.commonsupport.com/Appway/hosting-layout-1.html]
[azim.commonsupport.com/Appway/hosting-layout-2.html]
[azim.commonsupport.com/Appway/counter-layout-1.html]
[azim.commonsupport.com/Appway/counter-layout-2.html]
[azim.commonsupport.com/Appway/pricing-layout-1.html]
[azim.commonsupport.com/Appway/pricing-layout-2.html]
[azim.commonsupport.com/Appway/images/resource/blog-1.jpg]
[azim.commonsupport.com/Appway/images/resource/admin-1.png]
[azim.commonsupport.com/Appway/images/resource/blog-2.jpg]
[azim.commonsupport.com/Appway/images/resource/blog-3.jpg]
[azim.commonsupport.com/Appway/images/resource/blog-4.jpg]
[azim.commonsupport.com/Appway/images/resource/post-1.jpg]
[azim.commonsupport.com/Appway/images/resource/post-2.jpg]
[azim.commonsupport.com/Appway/images/resource/post-3.jpg]
[azim.commonsupport.com/Appway/images/resource/instagram-1.jpg]
[azim.commonsupport.com/Appway/images/resource/instagram-2.jpg]
[azim.commonsupport.com/Appway/images/resource/instagram-3.jpg]
[azim.commonsupport.com/Appway/images/resource/instagram-4.jpg]
[azim.commonsupport.com/Appway/images/resource/instagram-5.jpg]
[azim.commonsupport.com/Appway/images/resource/instagram-6.jpg]
[azim.commonsupport.com/Appway/blog.html]
[azim.commonsupport.com/Appway/images/resource/blog-5.jpg]
[azim.commonsupport.com/Appway/images/resource/author.jpg]
[azim.commonsupport.com/Appway/images/resource/comment-1.png]
[azim.commonsupport.com/Appway/images/resource/comment-2.png]
[azim.commonsupport.com/Appway/images/resource/comment-3.png]
[azim.commonsupport.com/Appway/blog-details.html]
[azim.commonsupport.com/Appway/images/icons/info-icon-1.png]
[azim.commonsupport.com/Appway/images/icons/info-icon-2.png]
[azim.commonsupport.com/Appway/images/icons/info-icon-3.png]
[azim.commonsupport.com/Appway/images/resource/contact-1.png]
[azim.commonsupport.com/Appway/images/icons/map-marker.png]
[azim.commonsupport.com/Appway/js/gmaps.js]
[azim.commonsupport.com/Appway/js/map-helper.js]
[azim.commonsupport.com/Appway/contact.html]
[azim.commonsupport.com/Appway/blog-single.html]
[azim.commonsupport.com/Appway/fonts/fa-brands-400.svg]
[azim.commonsupport.com/Appway/fonts/fa-regular-400.svg]
[azim.commonsupport.com/Appway/fonts/fa-solid-900.svg]
[azim.commonsupport.com/Appway/fonts/Flaticon.svg]
[azim.commonsupport.com/Appway/css/owl.video.play.html]
[azim.commonsupport.com/Appway/css/jquery-ui.css]
[azim.commonsupport.com/Appway/css/images/ui-icons_777620_256x240.html]
[azim.commonsupport.com/Appway/css/images/ui-icons_cc0000_256x240.html]
[azim.commonsupport.com/Appway/css/images/ui-icons_777777_256x240.html]
